<?xml version="1.0" encoding="UTF-8"?>
<!-- Generated by org.testng.reporters.JUnitReportReporter -->
<testsuite skipped="0" hostname="Ashok" name="com.employeeemsbdd.GetAllEmployees" tests="1" failures="0" timestamp="02 Jan 2023 16:45:03 GMT" time="5.128" errors="0">
  <testcase name="getAllEmployee" time="5.128" classname="com.employeeemsbdd.GetAllEmployees"/>
</testsuite> <!-- com.employeeemsbdd.GetAllEmployees -->
