<?xml version="1.0" encoding="UTF-8"?>
<!-- Generated by org.testng.reporters.JUnitReportReporter -->
<testsuite skipped="0" hostname="Ashok" name="File.DynamicJson" tests="3" failures="0" timestamp="18 Jul 2023 13:39:05 GMT" time="4.826" errors="0">
  <testcase name="addBook" time="0.243" classname="File.DynamicJson"/>
  <testcase name="addBook" time="0.492" classname="File.DynamicJson"/>
  <testcase name="addBook" time="4.091" classname="File.DynamicJson"/>
</testsuite> <!-- File.DynamicJson -->
