<?xml version="1.0" encoding="UTF-8"?>
<!-- Generated by org.testng.reporters.JUnitReportReporter -->
<testsuite skipped="0" hostname="Ashok" name="File.sumValidation" tests="1" failures="0" timestamp="14 Jul 2023 04:55:15 GMT" time="3.757" errors="0">
  <testcase name="sumofCourses" time="3.757" classname="File.sumValidation"/>
</testsuite> <!-- File.sumValidation -->
