<?xml version="1.0" encoding="UTF-8"?>
<!-- Generated by org.testng.reporters.JUnitReportReporter -->
<testsuite skipped="0" hostname="Ashok" name="API.Project.GetAllEmployees" tests="1" failures="0" timestamp="02 Jan 2023 09:21:18 GMT" time="3.806" errors="0">
  <testcase name="getAllEmployee" time="3.806" classname="API.Project.GetAllEmployees"/>
</testsuite> <!-- API.Project.GetAllEmployees -->
